{
  "RSpec": {
    "coverage": {
      "/Users/zackforbing/turing/3module/the_pivot_1605/app/helpers/application_helper.rb": [
        1,
        1,
        35,
        null,
        1,
        35,
        null,
        1,
        0,
        null,
        null
      ],
      "/Users/zackforbing/turing/3module/the_pivot_1605/app/models/business.rb": [
        1,
        1,
        1,
        1,
        1,
        null,
        1,
        50,
        null,
        null
      ],
      "/Users/zackforbing/turing/3module/the_pivot_1605/app/models/category.rb": [
        1,
        1,
        null,
        null,
        null,
        1,
        60,
        null,
        null,
        1,
        2,
        null,
        null,
        1,
        2,
        null,
        null
      ],
      "/Users/zackforbing/turing/3module/the_pivot_1605/app/models/role.rb": [
        1,
        1,
        null,
        1,
        1,
        null
      ],
      "/Users/zackforbing/turing/3module/the_pivot_1605/app/models/application_record.rb": [
        1,
        1,
        null
      ],
      "/Users/zackforbing/turing/3module/the_pivot_1605/app/models/user_role.rb": [
        1,
        1,
        1,
        null
      ],
      "/Users/zackforbing/turing/3module/the_pivot_1605/app/models/user.rb": [
        1,
        1,
        null,
        1,
        1,
        null,
        1,
        1,
        null,
        1,
        1,
        null,
        1,
        22,
        null,
        null,
        1,
        22,
        null,
        null,
        1,
        0,
        null,
        null
      ],
      "/Users/zackforbing/turing/3module/the_pivot_1605/app/models/item.rb": [
        1,
        1,
        1,
        1,
        1,
        null,
        1,
        15,
        null,
        null,
        1,
        null,
        1,
        73,
        null,
        null
      ],
      "/Users/zackforbing/turing/3module/the_pivot_1605/app/models/order.rb": [
        1,
        1,
        1,
        1,
        1,
        null,
        1,
        0,
        null,
        null,
        1,
        3,
        null,
        null
      ],
      "/Users/zackforbing/turing/3module/the_pivot_1605/app/models/order_item.rb": [
        1,
        1,
        1,
        1,
        null,
        1,
        3,
        3,
        null,
        null,
        null
      ],
      "/Users/zackforbing/turing/3module/the_pivot_1605/app/controllers/users_controller.rb": [
        1,
        null,
        1,
        0,
        null,
        null,
        1,
        7,
        7,
        null,
        null,
        1,
        0,
        0,
        0,
        0,
        null,
        0,
        0,
        null,
        null,
        null,
        1,
        1,
        1,
        1,
        1,
        null,
        0,
        0,
        null,
        null,
        null,
        1,
        1,
        null,
        null,
        1,
        null,
        1,
        1,
        null,
        null
      ],
      "/Users/zackforbing/turing/3module/the_pivot_1605/app/controllers/application_controller.rb": [
        1,
        null,
        null,
        1,
        1,
        1,
        1,
        null,
        1,
        44,
        null,
        null,
        1,
        206,
        null,
        null,
        null,
        1,
        0,
        null,
        null,
        1,
        0,
        0,
        null,
        null,
        null,
        1,
        0,
        null,
        null,
        1,
        0,
        null,
        null,
        1,
        44,
        44,
        null,
        null
      ],
      "/Users/zackforbing/turing/3module/the_pivot_1605/app/models/cart.rb": [
        1,
        1,
        null,
        1,
        44,
        null,
        null,
        1,
        4,
        4,
        null,
        null,
        1,
        10,
        16,
        null,
        null,
        null,
        1,
        13,
        null,
        null,
        1,
        3,
        null,
        null,
        1,
        35,
        null,
        null
      ],
      "/Users/zackforbing/turing/3module/the_pivot_1605/app/controllers/business_admins_controller.rb": [
        1,
        1,
        1,
        1,
        null,
        null
      ],
      "/Users/zackforbing/turing/3module/the_pivot_1605/app/controllers/businesses_controller.rb": [
        1,
        1,
        3,
        3,
        null,
        null,
        1,
        4,
        null,
        null,
        1,
        2,
        null,
        null,
        1,
        1,
        1,
        1,
        1,
        null,
        0,
        0,
        null,
        null,
        null,
        1,
        null,
        1,
        1,
        null,
        null
      ],
      "/Users/zackforbing/turing/3module/the_pivot_1605/app/controllers/cart_controller.rb": [
        1,
        1,
        null,
        null,
        1,
        null,
        null
      ],
      "/Users/zackforbing/turing/3module/the_pivot_1605/app/models/cart_item.rb": [
        1,
        1,
        null,
        1,
        16,
        16,
        16,
        16,
        null,
        null,
        1,
        8,
        null,
        null,
        1,
        0,
        0,
        null,
        0,
        null,
        null,
        null,
        1,
        0,
        0,
        null,
        0,
        null,
        null,
        null
      ],
      "/Users/zackforbing/turing/3module/the_pivot_1605/app/controllers/orders_controller.rb": [
        1,
        1,
        null,
        null,
        1,
        1,
        1,
        1,
        1,
        null,
        null,
        1,
        0,
        null,
        null
      ],
      "/Users/zackforbing/turing/3module/the_pivot_1605/app/models/order_items_synthesizer.rb": [
        1,
        1,
        1,
        1,
        1,
        2,
        null,
        null,
        null,
        null,
        null,
        null,
        1,
        1,
        null,
        null,
        1,
        2,
        null,
        null,
        null
      ],
      "/Users/zackforbing/turing/3module/the_pivot_1605/app/models/business_item.rb": [
        1,
        1,
        1,
        null
      ],
      "/Users/zackforbing/turing/3module/the_pivot_1605/app/controllers/cart_items_controller.rb": [
        1,
        1,
        1,
        null,
        1,
        4,
        4,
        4,
        4,
        4,
        null,
        null,
        1,
        0,
        0,
        0,
        null,
        null,
        1,
        0,
        0,
        0,
        null,
        null,
        1,
        null,
        1,
        0,
        null,
        null
      ],
      "/Users/zackforbing/turing/3module/the_pivot_1605/app/controllers/items_controller.rb": [
        1,
        1,
        5,
        null,
        null
      ],
      "/Users/zackforbing/turing/3module/the_pivot_1605/app/controllers/sessions_controller.rb": [
        1,
        null,
        1,
        null,
        null,
        1,
        3,
        3,
        2,
        2,
        2,
        null,
        1,
        1,
        null,
        null,
        null,
        1,
        0,
        0,
        0,
        null,
        null,
        1,
        null,
        1,
        2,
        1,
        null,
        1,
        null,
        null,
        null
      ],
      "/Users/zackforbing/turing/3module/the_pivot_1605/app/controllers/categories_controller.rb": [
        1,
        null,
        1,
        2,
        2,
        null,
        null
      ],
      "/Users/zackforbing/turing/3module/the_pivot_1605/app/controllers/errors_controller.rb": [
        0,
        0,
        0,
        0,
        0
      ],
      "/Users/zackforbing/turing/3module/the_pivot_1605/app/services/permissions_service.rb": [
        0,
        0,
        0,
        0,
        0,
        0,
        0,
        0,
        0,
        0,
        0,
        0,
        0,
        0,
        0,
        0,
        0,
        0,
        0,
        0,
        0,
        0,
        0,
        0,
        0,
        0,
        0
      ]
    },
    "timestamp": 1471892993
  }
}
